 
****************************************
Report : power
        -analysis_effort low
Design : top_level
Version: L-2016.03-SP1
Date   : Sat Mar 11 14:06:02 2017
****************************************


Library(s) Used:

    tcbn45gsbwptc_ccs (File: /home/library/tsmc_library/45nm/nominal_vt/digital/Front_End/timing_power_noise/CCS/tcbn45gsbwp_120a/tcbn45gsbwptc_ccs.db)


Operating Conditions: NCCOM   Library: tcbn45gsbwptc_ccs
Wire Load Model Mode: Inactive.


Global Operating Voltage = 0.9  
Power-specific unit information :
    Voltage Units = 1V
    Capacitance Units = 1.000000pf
    Time Units = 1ns
    Dynamic Power Units = 1mW    (derived from V,C,T units)
    Leakage Power Units = 1nW

Information: Reporting correlated power. (PWR-620)

  Cell Internal Power  = 160.4551 uW   (86%)
  Net Switching Power  =  26.2574 uW   (14%)
                         ---------
Total Dynamic Power    = 186.7125 uW  (100%)

Cell Leakage Power     =  58.9598 uW

Power Breakdown
---------------

                             Cell        Driven Net  Tot Dynamic      Cell
                             Internal    Switching   Power (mW)       Leakage
Cell                         Power (mW)  Power (mW)  (% Cell/Tot)     Power (nW)
--------------------------------------------------------------------------------
Netlist Power                   0.1556   9.085e-03   1.647e-01 (94%)  5.841e+04
Estimated Clock Tree Power   4.857e-03      0.0172      0.0220 (22%)   546.0938
--------------------------------------------------------------------------------
Information: report_power power group summary does not include estimated clock tree power. (PWR-789)

                 Internal         Switching           Leakage            Total
Power Group      Power            Power               Power              Power   (   %    )  Attrs
--------------------------------------------------------------------------------------------------
io_pad             0.0000            0.0000            0.0000            0.0000  (   0.00%)
memory             0.0000            0.0000            0.0000            0.0000  (   0.00%)
black_box          0.0000            0.0000            0.0000            0.0000  (   0.00%)
clock_network      0.0000            0.0000            0.0000            0.0000  (   0.00%)
register           0.1441        1.7422e-03        1.8314e+04            0.1642  (  73.59%)
sequential         0.0000            0.0000            0.0000            0.0000  (   0.00%)
combinational  1.1474e-02        7.3430e-03        4.0099e+04        5.8916e-02  (  26.41%)
--------------------------------------------------------------------------------------------------
Total              0.1556 mW     9.0852e-03 mW     5.8414e+04 nW         0.2231 mW
1
