 
****************************************
Report : power
        -analysis_effort low
Design : top_level
Version: L-2016.03-SP1
Date   : Sat Mar 11 14:10:58 2017
****************************************


Library(s) Used:

    tcbn45gsbwptc_ccs (File: /home/library/tsmc_library/45nm/nominal_vt/digital/Front_End/timing_power_noise/CCS/tcbn45gsbwp_120a/tcbn45gsbwptc_ccs.db)


Operating Conditions: NCCOM   Library: tcbn45gsbwptc_ccs
Wire Load Model Mode: Inactive.


Global Operating Voltage = 0.9  
Power-specific unit information :
    Voltage Units = 1V
    Capacitance Units = 1.000000pf
    Time Units = 1ns
    Dynamic Power Units = 1mW    (derived from V,C,T units)
    Leakage Power Units = 1nW

Information: Reporting correlated power. (PWR-620)

  Cell Internal Power  = 176.7176 uW   (86%)
  Net Switching Power  =  28.2184 uW   (14%)
                         ---------
Total Dynamic Power    = 204.9360 uW  (100%)

Cell Leakage Power     =  59.6997 uW

Power Breakdown
---------------

                             Cell        Driven Net  Tot Dynamic      Cell
                             Internal    Switching   Power (mW)       Leakage
Cell                         Power (mW)  Power (mW)  (% Cell/Tot)     Power (nW)
--------------------------------------------------------------------------------
Netlist Power                   0.1713      0.0104   1.816e-01 (94%)  5.908e+04
Estimated Clock Tree Power   5.449e-03      0.0179      0.0233 (23%)   621.6641
--------------------------------------------------------------------------------
Information: report_power power group summary does not include estimated clock tree power. (PWR-789)

                 Internal         Switching           Leakage            Total
Power Group      Power            Power               Power              Power   (   %    )  Attrs
--------------------------------------------------------------------------------------------------
io_pad             0.0000            0.0000            0.0000            0.0000  (   0.00%)
memory             0.0000            0.0000            0.0000            0.0000  (   0.00%)
black_box          0.0000            0.0000            0.0000            0.0000  (   0.00%)
clock_network      0.0000            0.0000            0.0000            0.0000  (   0.00%)
register           0.1507        1.9152e-03        1.9156e+04            0.1717  (  71.35%)
sequential         0.0000            0.0000            0.0000            0.0000  (   0.00%)
combinational  2.0597e-02        8.4381e-03        3.9922e+04        6.8957e-02  (  28.65%)
--------------------------------------------------------------------------------------------------
Total              0.1713 mW     1.0353e-02 mW     5.9078e+04 nW         0.2407 mW
1
